<?xml version="1.0" encoding="UTF-8"?>
<!-- Generated by org.testng.reporters.JUnitXMLReporter -->
<testsuite ignored="2" hostname="DESKTOP-HMB4LCL" failures="0" tests="1" name="Default test" time="14.732" errors="0" timestamp="2026-03-26T11:40:27 IST">
  <testcase classname="Campaign.CampaignTest" name="toCreateCampaignEithExpectedDateTest" time="5.37"/>
  <testcase classname="Campaign.CampaignTest" name="toCreateCampaignWithMandatoryFieldsTest" time="0.0">
    <ignored/>
  </testcase> <!-- toCreateCampaignWithMandatoryFieldsTest -->
  <testcase classname="Campaign.CampaignTest" name="toCreateCampaignWithCampaignStatusTest" time="0.0">
    <ignored/>
  </testcase> <!-- toCreateCampaignWithCampaignStatusTest -->
</testsuite> <!-- Default test -->
