<?xml version="1.0" encoding="UTF-8"?>
<!-- Generated by org.testng.reporters.JUnitXMLReporter -->
<testsuite ignored="0" hostname="DESKTOP-HMB4LCL" failures="0" tests="3" name="Test1" time="39.69" errors="0" timestamp="2026-03-21T11:01:41 IST">
  <testcase classname="Campaign.CampaignTest" name="toCreateCampaignEithExpectedDateTest" time="6.63"/>
  <testcase classname="Campaign.CampaignTest" name="toCreateCampaignWithCampaignStatusTest" time="1.816"/>
  <testcase classname="Campaign.CampaignTest" name="toCreateCampaignWithMandatoryFieldsTest" time="1.518"/>
</testsuite> <!-- Test1 -->
