<?xml version="1.0" encoding="UTF-8"?>
<!-- Generated by org.testng.reporters.JUnitXMLReporter -->
<testsuite ignored="0" hostname="DESKTOP-HMB4LCL" failures="0" tests="3" name="Test2" time="56.935" errors="0" timestamp="2026-03-21T11:01:59 IST">
  <testcase classname="Campaign.CampaignTest" name="toCreateCampaignEithExpectedDateTest" time="11.383"/>
  <testcase classname="Campaign.CampaignTest" name="toCreateCampaignWithCampaignStatusTest" time="1.685"/>
  <testcase classname="Campaign.CampaignTest" name="toCreateCampaignWithMandatoryFieldsTest" time="1.471"/>
</testsuite> <!-- Test2 -->
