<?xml version="1.0" encoding="UTF-8"?>
<!-- Generated by org.testng.reporters.JUnitXMLReporter -->
<testsuite ignored="4" hostname="DESKTOP-HMB4LCL" failures="0" tests="2" name="Test" time="15.726" errors="0" timestamp="2026-03-26T11:41:22 IST">
  <testcase classname="Product.ProductTest" name="toCreateProdTest" time="0.352"/>
  <testcase classname="Campaign.CampaignTest" name="toCreateCampaignWithMandatoryFieldsTest" time="2.145"/>
  <testcase classname="BaseTest.BaseClass" name="@AfterSuite afterSuite" time="0.0">
    <ignored/>
  </testcase> <!-- @AfterSuite afterSuite -->
  <testcase classname="Campaign.CampaignTest" name="toCreateCampaignEithExpectedDateTest" time="0.0">
    <ignored/>
  </testcase> <!-- toCreateCampaignEithExpectedDateTest -->
  <testcase classname="Campaign.CampaignTest" name="toCreateCampaignWithCampaignStatusTest" time="0.0">
    <ignored/>
  </testcase> <!-- toCreateCampaignWithCampaignStatusTest -->
  <testcase classname="BaseTest.BaseClass" name="@BeforeSuite beforeSuite" time="0.0">
    <ignored/>
  </testcase> <!-- @BeforeSuite beforeSuite -->
</testsuite> <!-- Test -->
