<?xml version="1.0" encoding="UTF-8"?>
<!-- Generated by org.testng.reporters.JUnitReportReporter -->
<testsuite hostname="DESKTOP-HMB4LCL" failures="0" tests="4" name="TestNG.DemoClass3" time="0.043" errors="0" timestamp="2026-03-13T10:46:07 IST" skipped="0">
  <testcase classname="TestNG.DemoClass3" name="mul" time="0.004">
    <system-out>
      <![CDATA[mul]]>
    </system-out>
  </testcase> <!-- mul -->
  <testcase classname="TestNG.DemoClass3" name="Sub" time="0.003">
    <system-out>
      <![CDATA[Sub]]>
    </system-out>
  </testcase> <!-- Sub -->
  <testcase classname="TestNG.DemoClass3" name="add" time="0.004">
    <system-out>
      <![CDATA[add]]>
    </system-out>
  </testcase> <!-- add -->
  <testcase classname="TestNG.DemoClass3" name="Div" time="0.032">
    <system-out>
      <![CDATA[Div]]>
    </system-out>
  </testcase> <!-- Div -->
  <system-out>
    <![CDATA[Div
Sub
add
mul]]>
  </system-out>
</testsuite> <!-- TestNG.DemoClass3 -->
