<?xml version="1.0" encoding="UTF-8"?>
<!-- Generated by org.testng.reporters.JUnitReportReporter -->
<testsuite hostname="DESKTOP-HMB4LCL" failures="0" tests="1" name="Product.ProductTest" time="10.838" errors="0" timestamp="2026-03-21T10:35:39 IST" skipped="0">
  <testcase classname="Product.ProductTest" name="toCreateProdTest" time="10.838">
    <system-out>
      <![CDATA[prod]]>
    </system-out>
  </testcase> <!-- toCreateProdTest -->
  <system-out>
    <![CDATA[DB open
launched browser
launched browser
login
login
prod
logout
closed browser
logout
login
logout
login
logout
closed browser
DB close]]>
  </system-out>
</testsuite> <!-- Product.ProductTest -->
