<?xml version="1.0" encoding="UTF-8"?>
<!-- Generated by org.testng.reporters.JUnitReportReporter -->
<testsuite hostname="DESKTOP-HMB4LCL" failures="0" tests="3" name="HelperAttributes.DataProvider" time="0.026" errors="0" timestamp="2026-03-17T10:36:49 IST" skipped="0">
  <testcase classname="HelperAttributes.DataProvider" name="login" time="0.005"/>
  <testcase classname="HelperAttributes.DataProvider" name="login" time="0.017"/>
  <testcase classname="HelperAttributes.DataProvider" name="login" time="0.004"/>
</testsuite> <!-- HelperAttributes.DataProvider -->
