<?xml version="1.0" encoding="UTF-8"?>
<!-- Generated by org.testng.reporters.JUnitReportReporter -->
<testsuite hostname="DESKTOP-HMB4LCL" failures="0" tests="3" name="HelperAttributes.Priority" time="0.029" errors="0" timestamp="2026-03-16T10:26:52 IST" skipped="0">
  <testcase classname="HelperAttributes.Priority" name="flip" time="0.023">
    <system-out>
      <![CDATA[flip]]>
    </system-out>
  </testcase> <!-- flip -->
  <testcase classname="HelperAttributes.Priority" name="amazon" time="0.002">
    <system-out>
      <![CDATA[amazon]]>
    </system-out>
  </testcase> <!-- amazon -->
  <testcase classname="HelperAttributes.Priority" name="ajio" time="0.004">
    <system-out>
      <![CDATA[ajio]]>
    </system-out>
  </testcase> <!-- ajio -->
  <system-out>
    <![CDATA[flip
amazon
ajio]]>
  </system-out>
</testsuite> <!-- HelperAttributes.Priority -->
