<?xml version="1.0" encoding="UTF-8"?>
<!-- Generated by org.testng.reporters.JUnitReportReporter -->
<testsuite hostname="DESKTOP-HMB4LCL" failures="0" tests="3" name="HelperAttributes.Priority$DemoClass1" time="0.036" errors="0" timestamp="2026-03-16T10:25:50 IST" skipped="0">
  <testcase classname="HelperAttributes.Priority$DemoClass1" name="flip" time="0.023">
    <system-out>
      <![CDATA[flip]]>
    </system-out>
  </testcase> <!-- flip -->
  <testcase classname="HelperAttributes.Priority$DemoClass1" name="amazon" time="0.005">
    <system-out>
      <![CDATA[amazon]]>
    </system-out>
  </testcase> <!-- amazon -->
  <testcase classname="HelperAttributes.Priority$DemoClass1" name="ajio" time="0.008">
    <system-out>
      <![CDATA[ajio]]>
    </system-out>
  </testcase> <!-- ajio -->
  <system-out>
    <![CDATA[flip
amazon
ajio]]>
  </system-out>
</testsuite> <!-- HelperAttributes.Priority$DemoClass1 -->
