<?xml version="1.0" encoding="UTF-8"?>
<!-- Generated by org.testng.reporters.JUnitReportReporter -->
<testsuite hostname="DESKTOP-HMB4LCL" failures="0" tests="3" name="HelperAttributes.InvocationCount" time="22.749" errors="0" timestamp="2026-03-16T10:37:09 IST" skipped="0">
  <testcase classname="HelperAttributes.InvocationCount" name="login" time="7.104"/>
  <testcase classname="HelperAttributes.InvocationCount" name="login" time="7.410"/>
  <testcase classname="HelperAttributes.InvocationCount" name="login" time="8.235"/>
</testsuite> <!-- HelperAttributes.InvocationCount -->
