<?xml version="1.0" encoding="UTF-8"?>
<!-- Generated by org.testng.reporters.JUnitReportReporter -->
<testsuite hostname="DESKTOP-HMB4LCL" failures="0" tests="3" name="HelperAttributes.Enabled" time="0.015" errors="0" timestamp="2026-03-16T11:00:51 IST" skipped="1">
  <testcase classname="HelperAttributes.Enabled" name="flip" time="0.012">
    <system-out>
      <![CDATA[flip]]>
    </system-out>
  </testcase> <!-- flip -->
  <testcase classname="HelperAttributes.Enabled" name="amazon" time="0.003">
    <system-out>
      <![CDATA[amazon]]>
    </system-out>
  </testcase> <!-- amazon -->
  <testcase classname="HelperAttributes.Enabled" name="ajio">
    <skipped/>
  </testcase> <!-- ajio -->
  <system-out>
    <![CDATA[flip
amazon]]>
  </system-out>
</testsuite> <!-- HelperAttributes.Enabled -->
