<?xml version="1.0" encoding="UTF-8"?>
<!-- Generated by org.testng.reporters.JUnitReportReporter -->
<testsuite hostname="DESKTOP-HMB4LCL" failures="0" tests="3" name="TestNG.DemoClass1" time="0.021" errors="0" timestamp="2026-03-13T10:34:17 IST" skipped="0">
  <testcase classname="TestNG.DemoClass1" name="ajio" time="0.018">
    <system-out>
      <![CDATA[ajio]]>
    </system-out>
  </testcase> <!-- ajio -->
  <testcase classname="TestNG.DemoClass1" name="amazon" time="0.001">
    <system-out>
      <![CDATA[amazon]]>
    </system-out>
  </testcase> <!-- amazon -->
  <testcase classname="TestNG.DemoClass1" name="flip" time="0.002">
    <system-out>
      <![CDATA[flip]]>
    </system-out>
  </testcase> <!-- flip -->
  <system-out>
    <![CDATA[ajio
amazon
flip]]>
  </system-out>
</testsuite> <!-- TestNG.DemoClass1 -->
