<?xml version="1.0" encoding="UTF-8"?>
<!-- Generated by org.testng.reporters.JUnitReportReporter -->
<testsuite hostname="DESKTOP-HMB4LCL" failures="0" tests="1" name="Campaign.CampaignTest" time="12.357" errors="0" timestamp="2026-03-26T11:40:28 IST" skipped="0">
  <testcase classname="Campaign.CampaignTest" name="toCreateCampaignEithExpectedDateTest" time="12.357"/>
  <system-out>
    <![CDATA[Report Config
DB open
launched browser
login
logout
closed browser
DB close]]>
  </system-out>
</testsuite> <!-- Campaign.CampaignTest -->
