<?xml version="1.0" encoding="UTF-8"?>
<!-- Generated by org.testng.reporters.JUnitReportReporter -->
<testsuite hostname="DESKTOP-HMB4LCL" failures="0" tests="5" name="TestNG.DemoClass2" time="0.021" errors="0" timestamp="2026-03-13T10:44:33 IST" skipped="0">
  <testcase classname="TestNG.DemoClass2" name="m8" time="0.002">
    <system-out>
      <![CDATA[m8]]>
    </system-out>
  </testcase> <!-- m8 -->
  <testcase classname="TestNG.DemoClass2" name="m30" time="0.001">
    <system-out>
      <![CDATA[m30]]>
    </system-out>
  </testcase> <!-- m30 -->
  <testcase classname="TestNG.DemoClass2" name="m20" time="0.001">
    <system-out>
      <![CDATA[m20]]>
    </system-out>
  </testcase> <!-- m20 -->
  <testcase classname="TestNG.DemoClass2" name="m10" time="0.015">
    <system-out>
      <![CDATA[m10]]>
    </system-out>
  </testcase> <!-- m10 -->
  <testcase classname="TestNG.DemoClass2" name="m16" time="0.002">
    <system-out>
      <![CDATA[m16]]>
    </system-out>
  </testcase> <!-- m16 -->
  <system-out>
    <![CDATA[m10
m16
m20
m30
m8]]>
  </system-out>
</testsuite> <!-- TestNG.DemoClass2 -->
