<?xml version="1.0" encoding="UTF-8"?>
<!-- Generated by org.testng.reporters.JUnitReportReporter -->
<testsuite hostname="DESKTOP-HMB4LCL" failures="0" tests="6" name="HelperAttributes.ThreadPoolSize" time="51.190" errors="0" timestamp="2026-03-16T10:49:15 IST" skipped="0">
  <testcase classname="HelperAttributes.ThreadPoolSize" name="login" time="10.694"/>
  <testcase classname="HelperAttributes.ThreadPoolSize" name="login" time="8.874"/>
  <testcase classname="HelperAttributes.ThreadPoolSize" name="login" time="7.079"/>
  <testcase classname="HelperAttributes.ThreadPoolSize" name="login" time="7.026"/>
  <testcase classname="HelperAttributes.ThreadPoolSize" name="login" time="8.731"/>
  <testcase classname="HelperAttributes.ThreadPoolSize" name="login" time="8.786"/>
</testsuite> <!-- HelperAttributes.ThreadPoolSize -->
