<?xml version="1.0" encoding="UTF-8"?>
<!-- Generated by org.testng.reporters.JUnitReportReporter -->
<testsuite hostname="DESKTOP-HMB4LCL" failures="0" tests="1" name="Product.ProductTest" time="5.084" errors="0" timestamp="2026-03-26T11:41:23 IST" skipped="0">
  <testcase classname="Product.ProductTest" name="toCreateProdTest" time="5.084">
    <system-out>
      <![CDATA[prod]]>
    </system-out>
  </testcase> <!-- toCreateProdTest -->
  <system-out>
    <![CDATA[Report Config
DB open
launched browser
login
prod
logout
closed browser
launched browser
login
logout
closed browser
DB close]]>
  </system-out>
</testsuite> <!-- Product.ProductTest -->
